2026-03-18 13:42:07,249 Namespace(cfg='configs/cityscapes/pidnet_small_cityscapes.yaml', opts=['GPUS', '(0,)', 'TRAIN.BATCH_SIZE_PER_GPU', '2'], seed=304)
2026-03-18 13:42:07,249 AUTO_RESUME: False
CUDNN:
  BENCHMARK: True
  DETERMINISTIC: False
  ENABLED: True
DATASET:
  DATASET: cityscapes
  EXTRA_TRAIN_SET: 
  NUM_CLASSES: 19
  ROOT: data/
  TEST_SET: list/cityscapes/val.lst
  TRAIN_SET: list/cityscapes/train.lst
GPUS: (0,)
LOG_DIR: log
LOSS:
  BALANCE_WEIGHTS: [0.4, 1.0]
  CLASS_BALANCE: False
  OHEMKEEP: 131072
  OHEMTHRES: 0.9
  SB_WEIGHTS: 1.0
  USE_OHEM: True
MODEL:
  ALIGN_CORNERS: True
  NAME: pidnet_small
  NUM_OUTPUTS: 2
  PRETRAINED: pretrained_models/imagenet/PIDNet_S_ImageNet.pth.tar
OUTPUT_DIR: output
PIN_MEMORY: True
PRINT_FREQ: 10
TEST:
  BASE_SIZE: 2048
  BATCH_SIZE_PER_GPU: 6
  FLIP_TEST: False
  IMAGE_SIZE: [2048, 1024]
  MODEL_FILE: 
  MULTI_SCALE: False
  OUTPUT_INDEX: 1
TRAIN:
  BASE_SIZE: 2048
  BATCH_SIZE_PER_GPU: 2
  BEGIN_EPOCH: 0
  END_EPOCH: 484
  EXTRA_EPOCH: 0
  EXTRA_LR: 0.001
  FLIP: True
  IGNORE_LABEL: 255
  IMAGE_SIZE: [1024, 1024]
  LR: 0.01
  MOMENTUM: 0.9
  MULTI_SCALE: True
  NESTEROV: False
  OPTIMIZER: sgd
  RESUME: False
  SCALE_FACTOR: 16
  SHUFFLE: True
  WD: 0.0005
WORKERS: 6
2026-03-18 13:42:07,436 Attention!!!
2026-03-18 13:42:07,437 Loaded 302 parameters!
2026-03-18 13:42:07,437 Over!!!
2026-03-18 13:42:32,537 Epoch: [0/484] Iter:[0/1487], Time: 23.88, lr: [0.01], Loss: 2.649393, Acc:0.003626, Semantic loss: 0.000000, BCE loss: 2.649393, SB loss: 0.000000
2026-03-18 13:42:35,541 Epoch: [0/484] Iter:[10/1487], Time: 2.43, lr: [0.009999874949198113], Loss: 2.320902, Acc:0.010250, Semantic loss: 0.000000, BCE loss: 2.320902, SB loss: -0.000000
2026-03-18 13:42:38,487 Epoch: [0/484] Iter:[20/1487], Time: 1.41, lr: [0.009999749898222469], Loss: 1.863450, Acc:0.011388, Semantic loss: 0.000000, BCE loss: 1.863450, SB loss: -0.000000
2026-03-18 13:42:41,388 Epoch: [0/484] Iter:[30/1487], Time: 1.05, lr: [0.009999624847073067], Loss: 1.642660, Acc:0.010349, Semantic loss: 0.000000, BCE loss: 1.642660, SB loss: -0.000000
2026-03-18 13:42:44,313 Epoch: [0/484] Iter:[40/1487], Time: 0.87, lr: [0.009999499795749907], Loss: 1.516593, Acc:0.009453, Semantic loss: 0.000000, BCE loss: 1.516593, SB loss: 0.000000
2026-03-18 13:42:47,258 Epoch: [0/484] Iter:[50/1487], Time: 0.75, lr: [0.009999374744252984], Loss: 1.505742, Acc:0.008867, Semantic loss: 0.000000, BCE loss: 1.505742, SB loss: -0.000000
