2026-03-18 13:49:14,197 Namespace(cfg='configs/cityscapes/pidnet_small_cityscapes.yaml', opts=['GPUS', '(0,)', 'TRAIN.BATCH_SIZE_PER_GPU', '2'], seed=304)
2026-03-18 13:49:14,197 AUTO_RESUME: False
CUDNN:
  BENCHMARK: True
  DETERMINISTIC: False
  ENABLED: True
DATASET:
  DATASET: cityscapes
  EXTRA_TRAIN_SET: 
  NUM_CLASSES: 19
  ROOT: data/
  TEST_SET: list/cityscapes/val.lst
  TRAIN_SET: list/cityscapes/train.lst
GPUS: (0,)
LOG_DIR: log
LOSS:
  BALANCE_WEIGHTS: [0.4, 1.0]
  CLASS_BALANCE: False
  OHEMKEEP: 131072
  OHEMTHRES: 0.9
  SB_WEIGHTS: 1.0
  USE_OHEM: True
MODEL:
  ALIGN_CORNERS: True
  NAME: pidnet_small
  NUM_OUTPUTS: 2
  PRETRAINED: pretrained_models/imagenet/PIDNet_S_ImageNet.pth.tar
OUTPUT_DIR: output
PIN_MEMORY: True
PRINT_FREQ: 10
TEST:
  BASE_SIZE: 2048
  BATCH_SIZE_PER_GPU: 6
  FLIP_TEST: False
  IMAGE_SIZE: [2048, 1024]
  MODEL_FILE: 
  MULTI_SCALE: False
  OUTPUT_INDEX: 1
TRAIN:
  BASE_SIZE: 2048
  BATCH_SIZE_PER_GPU: 2
  BEGIN_EPOCH: 0
  END_EPOCH: 484
  EXTRA_EPOCH: 0
  EXTRA_LR: 0.001
  FLIP: True
  IGNORE_LABEL: 255
  IMAGE_SIZE: [1024, 1024]
  LR: 0.01
  MOMENTUM: 0.9
  MULTI_SCALE: True
  NESTEROV: False
  OPTIMIZER: sgd
  RESUME: False
  SCALE_FACTOR: 16
  SHUFFLE: True
  WD: 0.0005
WORKERS: 6
2026-03-18 13:49:14,364 Attention!!!
2026-03-18 13:49:14,365 Loaded 302 parameters!
2026-03-18 13:49:14,365 Over!!!
2026-03-18 13:49:39,429 Epoch: [0/484] Iter:[0/1487], Time: 23.82, lr: [0.01], Loss: 2.649393, Acc:0.003628, Semantic loss: 0.000000, BCE loss: 2.649393, SB loss: 0.000000
2026-03-18 13:49:42,502 Epoch: [0/484] Iter:[10/1487], Time: 2.43, lr: [0.009999874949198113], Loss: 2.295673, Acc:0.013765, Semantic loss: 0.000000, BCE loss: 2.295673, SB loss: 0.000000
2026-03-18 13:49:45,534 Epoch: [0/484] Iter:[20/1487], Time: 1.42, lr: [0.009999749898222469], Loss: 1.843748, Acc:0.012534, Semantic loss: 0.000000, BCE loss: 1.843748, SB loss: 0.000000
2026-03-18 13:49:48,572 Epoch: [0/484] Iter:[30/1487], Time: 1.06, lr: [0.009999624847073067], Loss: 1.625106, Acc:0.010391, Semantic loss: 0.000000, BCE loss: 1.625106, SB loss: 0.000000
2026-03-18 13:49:51,612 Epoch: [0/484] Iter:[40/1487], Time: 0.88, lr: [0.009999499795749907], Loss: 1.502769, Acc:0.009125, Semantic loss: 0.000000, BCE loss: 1.502768, SB loss: 0.000000
2026-03-18 13:49:54,579 Epoch: [0/484] Iter:[50/1487], Time: 0.76, lr: [0.009999374744252984], Loss: 1.494664, Acc:0.008814, Semantic loss: 0.000000, BCE loss: 1.494664, SB loss: 0.000000
2026-03-18 13:49:57,562 Epoch: [0/484] Iter:[60/1487], Time: 0.69, lr: [0.009999249692582295], Loss: 1.480959, Acc:0.008824, Semantic loss: 0.000000, BCE loss: 1.480959, SB loss: 0.000000
2026-03-18 13:50:00,517 Epoch: [0/484] Iter:[70/1487], Time: 0.63, lr: [0.00999912464073784], Loss: 1.486376, Acc:0.008809, Semantic loss: 0.000000, BCE loss: 1.486376, SB loss: 0.000000
2026-03-18 13:50:03,466 Epoch: [0/484] Iter:[80/1487], Time: 0.59, lr: [0.009998999588719611], Loss: 1.465832, Acc:0.009375, Semantic loss: 0.000000, BCE loss: 1.465832, SB loss: 0.000000
2026-03-18 13:50:06,424 Epoch: [0/484] Iter:[90/1487], Time: 0.56, lr: [0.009998874536527612], Loss: 1.452788, Acc:0.008984, Semantic loss: 0.000000, BCE loss: 1.452788, SB loss: 0.000000
2026-03-18 13:50:09,376 Epoch: [0/484] Iter:[100/1487], Time: 0.53, lr: [0.009998749484161835], Loss: 1.440006, Acc:0.008559, Semantic loss: 0.000000, BCE loss: 1.440006, SB loss: -0.000000
2026-03-18 13:50:12,317 Epoch: [0/484] Iter:[110/1487], Time: 0.51, lr: [0.009998624431622279], Loss: 1.442650, Acc:0.008529, Semantic loss: 0.000000, BCE loss: 1.442650, SB loss: 0.000000
