2026-03-18 13:46:31,832 Namespace(cfg='configs/cityscapes/pidnet_small_cityscapes.yaml', opts=['GPUS', '(0,)', 'TRAIN.BATCH_SIZE_PER_GPU', '2'], seed=304)
2026-03-18 13:46:31,833 AUTO_RESUME: False
CUDNN:
  BENCHMARK: True
  DETERMINISTIC: False
  ENABLED: True
DATASET:
  DATASET: cityscapes
  EXTRA_TRAIN_SET: 
  NUM_CLASSES: 19
  ROOT: data/
  TEST_SET: list/cityscapes/val.lst
  TRAIN_SET: list/cityscapes/train.lst
GPUS: (0,)
LOG_DIR: log
LOSS:
  BALANCE_WEIGHTS: [0.4, 1.0]
  CLASS_BALANCE: False
  OHEMKEEP: 131072
  OHEMTHRES: 0.9
  SB_WEIGHTS: 1.0
  USE_OHEM: True
MODEL:
  ALIGN_CORNERS: True
  NAME: pidnet_small
  NUM_OUTPUTS: 2
  PRETRAINED: pretrained_models/imagenet/PIDNet_S_ImageNet.pth.tar
OUTPUT_DIR: output
PIN_MEMORY: True
PRINT_FREQ: 10
TEST:
  BASE_SIZE: 2048
  BATCH_SIZE_PER_GPU: 6
  FLIP_TEST: False
  IMAGE_SIZE: [2048, 1024]
  MODEL_FILE: 
  MULTI_SCALE: False
  OUTPUT_INDEX: 1
TRAIN:
  BASE_SIZE: 2048
  BATCH_SIZE_PER_GPU: 2
  BEGIN_EPOCH: 0
  END_EPOCH: 484
  EXTRA_EPOCH: 0
  EXTRA_LR: 0.001
  FLIP: True
  IGNORE_LABEL: 255
  IMAGE_SIZE: [1024, 1024]
  LR: 0.01
  MOMENTUM: 0.9
  MULTI_SCALE: True
  NESTEROV: False
  OPTIMIZER: sgd
  RESUME: False
  SCALE_FACTOR: 16
  SHUFFLE: True
  WD: 0.0005
WORKERS: 6
2026-03-18 13:46:32,016 Attention!!!
2026-03-18 13:46:32,017 Loaded 302 parameters!
2026-03-18 13:46:32,017 Over!!!
2026-03-18 13:46:56,015 Epoch: [0/484] Iter:[0/1487], Time: 22.77, lr: [0.01], Loss: 2.649393, Acc:0.003626, Semantic loss: 0.000000, BCE loss: 2.649393, SB loss: 0.000000
2026-03-18 13:46:58,914 Epoch: [0/484] Iter:[10/1487], Time: 2.32, lr: [0.009999874949198113], Loss: 2.313912, Acc:0.010679, Semantic loss: 0.000000, BCE loss: 2.313912, SB loss: 0.000000
2026-03-18 13:47:01,833 Epoch: [0/484] Iter:[20/1487], Time: 1.36, lr: [0.009999749898222469], Loss: 1.866485, Acc:0.012350, Semantic loss: 0.000000, BCE loss: 1.866485, SB loss: -0.000000
2026-03-18 13:47:04,742 Epoch: [0/484] Iter:[30/1487], Time: 1.01, lr: [0.009999624847073067], Loss: 1.647397, Acc:0.010617, Semantic loss: 0.000000, BCE loss: 1.647397, SB loss: -0.000000
2026-03-18 13:47:07,639 Epoch: [0/484] Iter:[40/1487], Time: 0.84, lr: [0.009999499795749907], Loss: 1.521992, Acc:0.009116, Semantic loss: 0.000000, BCE loss: 1.521992, SB loss: -0.000000
2026-03-18 13:47:10,534 Epoch: [0/484] Iter:[50/1487], Time: 0.73, lr: [0.009999374744252984], Loss: 1.512830, Acc:0.008812, Semantic loss: 0.000000, BCE loss: 1.512830, SB loss: -0.000000
2026-03-18 13:47:13,464 Epoch: [0/484] Iter:[60/1487], Time: 0.66, lr: [0.009999249692582295], Loss: 1.496710, Acc:0.008623, Semantic loss: 0.000000, BCE loss: 1.496710, SB loss: 0.000000
2026-03-18 13:47:16,428 Epoch: [0/484] Iter:[70/1487], Time: 0.61, lr: [0.00999912464073784], Loss: 1.500034, Acc:0.008782, Semantic loss: 0.000000, BCE loss: 1.500034, SB loss: 0.000000
2026-03-18 13:47:19,388 Epoch: [0/484] Iter:[80/1487], Time: 0.57, lr: [0.009998999588719611], Loss: 1.478002, Acc:0.009467, Semantic loss: 0.000000, BCE loss: 1.478002, SB loss: 0.000000
2026-03-18 13:47:22,332 Epoch: [0/484] Iter:[90/1487], Time: 0.54, lr: [0.009998874536527612], Loss: 1.463496, Acc:0.009041, Semantic loss: 0.000000, BCE loss: 1.463496, SB loss: 0.000000
2026-03-18 13:47:25,295 Epoch: [0/484] Iter:[100/1487], Time: 0.51, lr: [0.009998749484161835], Loss: 1.449216, Acc:0.008569, Semantic loss: 0.000000, BCE loss: 1.449216, SB loss: 0.000000
2026-03-18 13:47:28,300 Epoch: [0/484] Iter:[110/1487], Time: 0.49, lr: [0.009998624431622279], Loss: 1.451155, Acc:0.008405, Semantic loss: 0.000000, BCE loss: 1.451155, SB loss: 0.000000
2026-03-18 13:47:31,281 Epoch: [0/484] Iter:[120/1487], Time: 0.48, lr: [0.009998499378908943], Loss: 1.420229, Acc:0.008133, Semantic loss: 0.000000, BCE loss: 1.420229, SB loss: 0.000000
2026-03-18 13:47:34,354 Epoch: [0/484] Iter:[130/1487], Time: 0.47, lr: [0.009998374326021823], Loss: 1.404877, Acc:0.008031, Semantic loss: 0.000000, BCE loss: 1.404877, SB loss: 0.000000
2026-03-18 13:47:37,323 Epoch: [0/484] Iter:[140/1487], Time: 0.45, lr: [0.009998249272960917], Loss: 1.401281, Acc:0.007889, Semantic loss: 0.000000, BCE loss: 1.401281, SB loss: 0.000000
2026-03-18 13:47:40,268 Epoch: [0/484] Iter:[150/1487], Time: 0.44, lr: [0.00999812421972622], Loss: 1.384403, Acc:0.007832, Semantic loss: 0.000000, BCE loss: 1.384403, SB loss: 0.000000
2026-03-18 13:47:43,298 Epoch: [0/484] Iter:[160/1487], Time: 0.43, lr: [0.009997999166317734], Loss: 1.377771, Acc:0.007854, Semantic loss: 0.000000, BCE loss: 1.377771, SB loss: 0.000000
2026-03-18 13:47:46,235 Epoch: [0/484] Iter:[170/1487], Time: 0.43, lr: [0.009997874112735452], Loss: 1.366000, Acc:0.007777, Semantic loss: 0.000000, BCE loss: 1.366000, SB loss: 0.000000
